<?xml version="1.0" encoding="UTF-8"?>
<!-- Generated by org.testng.reporters.JUnitReportReporter -->
<testsuite hostname="Madhav" failures="0" tests="1" name="com.automation.health.demo_healthpage.CureWebpage" time="7.400" errors="0" timestamp="2024-09-29T19:38:34 IST" skipped="0">
  <testcase classname="com.automation.health.demo_healthpage.CureWebpage" name="loginwitvalid" time="7.400"/>
</testsuite> <!-- com.automation.health.demo_healthpage.CureWebpage -->
