<?xml version="1.0" encoding="UTF-8"?>
<!-- Generated by org.testng.reporters.JUnitReportReporter -->
<testsuite hostname="Madhav" failures="0" tests="1" name="com.automation.health.demo_healthpage.CureWebpage" time="5.578" errors="0" timestamp="2024-09-29T19:11:35 IST" skipped="0">
  <testcase classname="com.automation.health.demo_healthpage.CureWebpage" name="loginwitvalid" time="5.578"/>
</testsuite> <!-- com.automation.health.demo_healthpage.CureWebpage -->
